<?xml version="1.0" encoding="UTF-8"?>
<testng-results skipped="0" failed="0" total="2" passed="2">
  <reporter-output>
  </reporter-output>
  <suite name="Default suite" duration-ms="82969" started-at="2019-03-13T12:10:52Z" finished-at="2019-03-13T12:12:15Z">
    <groups>
    </groups>
    <test name="Default test" duration-ms="82969" started-at="2019-03-13T12:10:52Z" finished-at="2019-03-13T12:12:15Z">
      <class name="com.googletest.qa.test.GoogleSearchTest">
        <test-method status="PASS" signature="setUp()[pri:0, instance:com.googletest.qa.test.GoogleSearchTest@28864e92]" name="setUp" is-config="true" duration-ms="6659" started-at="2019-03-13T12:10:52Z" finished-at="2019-03-13T12:10:58Z">
          <reporter-output>
          </reporter-output>
        </test-method> <!-- setUp -->
        <test-method status="PASS" signature="googleSearchTest1()[pri:0, instance:com.googletest.qa.test.GoogleSearchTest@28864e92]" name="googleSearchTest1" duration-ms="61492" started-at="2019-03-13T12:10:58Z" finished-at="2019-03-13T12:12:00Z">
          <reporter-output>
          </reporter-output>
        </test-method> <!-- googleSearchTest1 -->
        <test-method status="PASS" signature="tearDown()[pri:0, instance:com.googletest.qa.test.GoogleSearchTest@28864e92]" name="tearDown" is-config="true" duration-ms="1199" started-at="2019-03-13T12:12:00Z" finished-at="2019-03-13T12:12:01Z">
          <reporter-output>
          </reporter-output>
        </test-method> <!-- tearDown -->
        <test-method status="PASS" signature="setUp()[pri:0, instance:com.googletest.qa.test.GoogleSearchTest@28864e92]" name="setUp" is-config="true" duration-ms="3882" started-at="2019-03-13T12:12:01Z" finished-at="2019-03-13T12:12:05Z">
          <reporter-output>
          </reporter-output>
        </test-method> <!-- setUp -->
        <test-method status="PASS" signature="googleSearchTest2()[pri:0, instance:com.googletest.qa.test.GoogleSearchTest@28864e92]" name="googleSearchTest2" duration-ms="8977" started-at="2019-03-13T12:12:05Z" finished-at="2019-03-13T12:12:14Z">
          <reporter-output>
          </reporter-output>
        </test-method> <!-- googleSearchTest2 -->
        <test-method status="PASS" signature="tearDown()[pri:0, instance:com.googletest.qa.test.GoogleSearchTest@28864e92]" name="tearDown" is-config="true" duration-ms="744" started-at="2019-03-13T12:12:14Z" finished-at="2019-03-13T12:12:15Z">
          <reporter-output>
          </reporter-output>
        </test-method> <!-- tearDown -->
      </class> <!-- com.googletest.qa.test.GoogleSearchTest -->
    </test> <!-- Default test -->
  </suite> <!-- Default suite -->
</testng-results>
